0 info it worked if it ends with ok
1 verbose cli [ '/Users/andeladeveloper/.nvm/versions/node/v6.11.2/bin/node',
1 verbose cli   '/Users/andeladeveloper/.nvm/versions/node/v6.11.2/bin/npm',
1 verbose cli   'run',
1 verbose cli   'test' ]
2 info using npm@3.10.10
3 info using node@v6.11.2
4 verbose run-script [ 'pretest', 'test', 'posttest' ]
5 info lifecycle post-it-app@1.0.0~pretest: post-it-app@1.0.0
6 silly lifecycle post-it-app@1.0.0~pretest: no script for pretest, continuing
7 info lifecycle post-it-app@1.0.0~test: post-it-app@1.0.0
8 verbose lifecycle post-it-app@1.0.0~test: unsafe-perm in lifecycle true
9 verbose lifecycle post-it-app@1.0.0~test: PATH: /Users/andeladeveloper/.nvm/versions/node/v6.11.2/lib/node_modules/npm/bin/node-gyp-bin:/Users/andeladeveloper/Desktop/postIt/post-it-app/node_modules/.bin:/Users/andeladeveloper/.nvm/versions/node/v6.11.2/bin:/usr/local/opt/python/libexec/bin:/usr/local/bin:/usr/bin:/bin:/usr/sbin:/sbin:/opt/ImageMagick/bin:/Users/andeladeveloper/.fzf/bin
10 verbose lifecycle post-it-app@1.0.0~test: CWD: /Users/andeladeveloper/Desktop/postIt/post-it-app
11 silly lifecycle post-it-app@1.0.0~test: Args: [ '-c',
11 silly lifecycle   'npm run server-test && npm run client-test && npm run coverage' ]
12 silly lifecycle post-it-app@1.0.0~test: Returned: code: 1  signal: null
13 info lifecycle post-it-app@1.0.0~test: Failed to exec test script
14 verbose stack Error: post-it-app@1.0.0 test: `npm run server-test && npm run client-test && npm run coverage`
14 verbose stack Exit status 1
14 verbose stack     at EventEmitter.<anonymous> (/Users/andeladeveloper/.nvm/versions/node/v6.11.2/lib/node_modules/npm/lib/utils/lifecycle.js:255:16)
14 verbose stack     at emitTwo (events.js:106:13)
14 verbose stack     at EventEmitter.emit (events.js:191:7)
14 verbose stack     at ChildProcess.<anonymous> (/Users/andeladeveloper/.nvm/versions/node/v6.11.2/lib/node_modules/npm/lib/utils/spawn.js:40:14)
14 verbose stack     at emitTwo (events.js:106:13)
14 verbose stack     at ChildProcess.emit (events.js:191:7)
14 verbose stack     at maybeClose (internal/child_process.js:891:16)
14 verbose stack     at Process.ChildProcess._handle.onexit (internal/child_process.js:226:5)
15 verbose pkgid post-it-app@1.0.0
16 verbose cwd /Users/andeladeveloper/Desktop/postIt/post-it-app
17 error Darwin 17.2.0
18 error argv "/Users/andeladeveloper/.nvm/versions/node/v6.11.2/bin/node" "/Users/andeladeveloper/.nvm/versions/node/v6.11.2/bin/npm" "run" "test"
19 error node v6.11.2
20 error npm  v3.10.10
21 error code ELIFECYCLE
22 error post-it-app@1.0.0 test: `npm run server-test && npm run client-test && npm run coverage`
22 error Exit status 1
23 error Failed at the post-it-app@1.0.0 test script 'npm run server-test && npm run client-test && npm run coverage'.
23 error Make sure you have the latest version of node.js and npm installed.
23 error If you do, this is most likely a problem with the post-it-app package,
23 error not with npm itself.
23 error Tell the author that this fails on your system:
23 error     npm run server-test && npm run client-test && npm run coverage
23 error You can get information on how to open an issue for this project with:
23 error     npm bugs post-it-app
23 error Or if that isn't available, you can get their info via:
23 error     npm owner ls post-it-app
23 error There is likely additional logging output above.
24 verbose exit [ 1, true ]
